{"D:\\coolyeah\\Semester 6-Bismillah Magang\\BIGIO\\Inventoryy\\back-end\\app.js": {"path":"D:\\coolyeah\\Semester 6-Bismillah Magang\\BIGIO\\Inventoryy\\back-end\\app.js","statementMap":{"0":{"start":{"line":1,"column":16},"end":{"line":1,"column":34}},"1":{"start":{"line":2,"column":12},"end":{"line":2,"column":21}},"2":{"start":{"line":3,"column":13},"end":{"line":3,"column":17}},"3":{"start":{"line":4,"column":15},"end":{"line":4,"column":32}},"4":{"start":{"line":5,"column":0},"end":{"line":5,"column":16}},"5":{"start":{"line":7,"column":13},"end":{"line":7,"column":28}},"6":{"start":{"line":8,"column":0},"end":{"line":8,"column":16}},"7":{"start":{"line":10,"column":26},"end":{"line":10,"column":63}},"8":{"start":{"line":11,"column":23},"end":{"line":11,"column":57}},"9":{"start":{"line":12,"column":21},"end":{"line":12,"column":53}},"10":{"start":{"line":13,"column":19},"end":{"line":13,"column":49}},"11":{"start":{"line":14,"column":20},"end":{"line":14,"column":50}},"12":{"start":{"line":16,"column":0},"end":{"line":16,"column":24}},"13":{"start":{"line":17,"column":0},"end":{"line":17,"column":48}},"14":{"start":{"line":19,"column":0},"end":{"line":19,"column":34}},"15":{"start":{"line":20,"column":0},"end":{"line":20,"column":38}},"16":{"start":{"line":21,"column":0},"end":{"line":21,"column":44}},"17":{"start":{"line":22,"column":0},"end":{"line":22,"column":30}},"18":{"start":{"line":23,"column":0},"end":{"line":23,"column":31}},"19":{"start":{"line":25,"column":0},"end":{"line":33,"column":1}},"20":{"start":{"line":26,"column":19},"end":{"line":28,"column":6}},"21":{"start":{"line":27,"column":8},"end":{"line":27,"column":65}},"22":{"start":{"line":30,"column":4},"end":{"line":30,"column":28}},"23":{"start":{"line":32,"column":4},"end":{"line":32,"column":25}}},"fnMap":{"0":{"name":"(anonymous_0)","decl":{"start":{"line":26,"column":36},"end":{"line":26,"column":37}},"loc":{"start":{"line":26,"column":42},"end":{"line":28,"column":5}},"line":26}},"branchMap":{"0":{"loc":{"start":{"line":25,"column":0},"end":{"line":33,"column":1}},"type":"if","locations":[{"start":{"line":25,"column":0},"end":{"line":33,"column":1}},{"start":{"line":31,"column":7},"end":{"line":33,"column":1}}],"line":25}},"s":{"0":2,"1":2,"2":2,"3":2,"4":2,"5":2,"6":2,"7":2,"8":2,"9":2,"10":2,"11":2,"12":2,"13":2,"14":2,"15":2,"16":2,"17":2,"18":2,"19":2,"20":0,"21":0,"22":0,"23":2},"f":{"0":0},"b":{"0":[0,2]},"_coverageSchema":"1a1c01bbd47fc00a2c39e90264f33305004495a9","hash":"3c07d2a3e6c416c89a37476f7668ed36b2d351fc"}
,"D:\\coolyeah\\Semester 6-Bismillah Magang\\BIGIO\\Inventoryy\\back-end\\controllers\\authController.js": {"path":"D:\\coolyeah\\Semester 6-Bismillah Magang\\BIGIO\\Inventoryy\\back-end\\controllers\\authController.js","statementMap":{"0":{"start":{"line":1,"column":12},"end":{"line":1,"column":35}},"1":{"start":{"line":2,"column":15},"end":{"line":2,"column":34}},"2":{"start":{"line":3,"column":17},"end":{"line":3,"column":37}},"3":{"start":{"line":6,"column":35},"end":{"line":6,"column":43}},"4":{"start":{"line":7,"column":4},"end":{"line":19,"column":5}},"5":{"start":{"line":8,"column":21},"end":{"line":8,"column":64}},"6":{"start":{"line":9,"column":8},"end":{"line":9,"column":78}},"7":{"start":{"line":9,"column":19},"end":{"line":9,"column":78}},"8":{"start":{"line":11,"column":30},"end":{"line":11,"column":75}},"9":{"start":{"line":12,"column":8},"end":{"line":12,"column":89}},"10":{"start":{"line":12,"column":28},"end":{"line":12,"column":89}},"11":{"start":{"line":14,"column":28},"end":{"line":14,"column":133}},"12":{"start":{"line":15,"column":8},"end":{"line":15,"column":34}},"13":{"start":{"line":17,"column":8},"end":{"line":17,"column":29}},"14":{"start":{"line":18,"column":8},"end":{"line":18,"column":67}},"15":{"start":{"line":22,"column":4},"end":{"line":22,"column":59}},"16":{"start":{"line":25,"column":0},"end":{"line":25,"column":35}}},"fnMap":{"0":{"name":"login","decl":{"start":{"line":5,"column":15},"end":{"line":5,"column":20}},"loc":{"start":{"line":5,"column":31},"end":{"line":20,"column":1}},"line":5},"1":{"name":"logout","decl":{"start":{"line":21,"column":15},"end":{"line":21,"column":21}},"loc":{"start":{"line":21,"column":32},"end":{"line":23,"column":1}},"line":21}},"branchMap":{"0":{"loc":{"start":{"line":9,"column":8},"end":{"line":9,"column":78}},"type":"if","locations":[{"start":{"line":9,"column":8},"end":{"line":9,"column":78}},{"start":{},"end":{}}],"line":9},"1":{"loc":{"start":{"line":12,"column":8},"end":{"line":12,"column":89}},"type":"if","locations":[{"start":{"line":12,"column":8},"end":{"line":12,"column":89}},{"start":{},"end":{}}],"line":12}},"s":{"0":2,"1":2,"2":2,"3":4,"4":4,"5":4,"6":3,"7":1,"8":2,"9":2,"10":1,"11":1,"12":1,"13":1,"14":1,"15":1,"16":2},"f":{"0":4,"1":1},"b":{"0":[1,2],"1":[1,1]},"_coverageSchema":"1a1c01bbd47fc00a2c39e90264f33305004495a9","hash":"ff8ee168f834da257609fcf0d219a7b713b5fc4c"}
,"D:\\coolyeah\\Semester 6-Bismillah Magang\\BIGIO\\Inventoryy\\back-end\\controllers\\barangController.js": {"path":"D:\\coolyeah\\Semester 6-Bismillah Magang\\BIGIO\\Inventoryy\\back-end\\controllers\\barangController.js","statementMap":{"0":{"start":{"line":1,"column":19},"end":{"line":1,"column":39}},"1":{"start":{"line":3,"column":0},"end":{"line":11,"column":2}},"2":{"start":{"line":4,"column":4},"end":{"line":10,"column":5}},"3":{"start":{"line":5,"column":24},"end":{"line":5,"column":46}},"4":{"start":{"line":6,"column":8},"end":{"line":6,"column":26}},"5":{"start":{"line":8,"column":8},"end":{"line":8,"column":29}},"6":{"start":{"line":9,"column":8},"end":{"line":9,"column":55}},"7":{"start":{"line":13,"column":0},"end":{"line":24,"column":2}},"8":{"start":{"line":14,"column":4},"end":{"line":23,"column":5}},"9":{"start":{"line":15,"column":8},"end":{"line":17,"column":9}},"10":{"start":{"line":16,"column":12},"end":{"line":16,"column":88}},"11":{"start":{"line":18,"column":26},"end":{"line":18,"column":55}},"12":{"start":{"line":19,"column":8},"end":{"line":19,"column":40}},"13":{"start":{"line":21,"column":8},"end":{"line":21,"column":29}},"14":{"start":{"line":22,"column":8},"end":{"line":22,"column":55}},"15":{"start":{"line":26,"column":0},"end":{"line":40,"column":2}},"16":{"start":{"line":27,"column":4},"end":{"line":39,"column":5}},"17":{"start":{"line":28,"column":19},"end":{"line":28,"column":42}},"18":{"start":{"line":29,"column":23},"end":{"line":29,"column":48}},"19":{"start":{"line":31,"column":8},"end":{"line":33,"column":9}},"20":{"start":{"line":32,"column":12},"end":{"line":32,"column":71}},"21":{"start":{"line":35,"column":8},"end":{"line":35,"column":25}},"22":{"start":{"line":37,"column":8},"end":{"line":37,"column":29}},"23":{"start":{"line":38,"column":8},"end":{"line":38,"column":55}},"24":{"start":{"line":43,"column":0},"end":{"line":56,"column":2}},"25":{"start":{"line":44,"column":4},"end":{"line":55,"column":5}},"26":{"start":{"line":45,"column":19},"end":{"line":45,"column":32}},"27":{"start":{"line":46,"column":23},"end":{"line":46,"column":48}},"28":{"start":{"line":47,"column":8},"end":{"line":49,"column":9}},"29":{"start":{"line":48,"column":12},"end":{"line":48,"column":96}},"30":{"start":{"line":50,"column":30},"end":{"line":50,"column":59}},"31":{"start":{"line":51,"column":8},"end":{"line":51,"column":32}},"32":{"start":{"line":53,"column":8},"end":{"line":53,"column":29}},"33":{"start":{"line":54,"column":8},"end":{"line":54,"column":55}},"34":{"start":{"line":58,"column":0},"end":{"line":71,"column":2}},"35":{"start":{"line":59,"column":4},"end":{"line":70,"column":5}},"36":{"start":{"line":60,"column":19},"end":{"line":60,"column":32}},"37":{"start":{"line":61,"column":31},"end":{"line":61,"column":80}},"38":{"start":{"line":62,"column":8},"end":{"line":66,"column":9}},"39":{"start":{"line":63,"column":12},"end":{"line":63,"column":78}},"40":{"start":{"line":65,"column":12},"end":{"line":65,"column":89}},"41":{"start":{"line":68,"column":8},"end":{"line":68,"column":29}},"42":{"start":{"line":69,"column":8},"end":{"line":69,"column":55}}},"fnMap":{"0":{"name":"(anonymous_0)","decl":{"start":{"line":3,"column":24},"end":{"line":3,"column":25}},"loc":{"start":{"line":3,"column":44},"end":{"line":11,"column":1}},"line":3},"1":{"name":"(anonymous_1)","decl":{"start":{"line":13,"column":20},"end":{"line":13,"column":21}},"loc":{"start":{"line":13,"column":40},"end":{"line":24,"column":1}},"line":13},"2":{"name":"(anonymous_2)","decl":{"start":{"line":26,"column":24},"end":{"line":26,"column":25}},"loc":{"start":{"line":26,"column":44},"end":{"line":40,"column":1}},"line":26},"3":{"name":"(anonymous_3)","decl":{"start":{"line":43,"column":23},"end":{"line":43,"column":24}},"loc":{"start":{"line":43,"column":43},"end":{"line":56,"column":1}},"line":43},"4":{"name":"(anonymous_4)","decl":{"start":{"line":58,"column":23},"end":{"line":58,"column":24}},"loc":{"start":{"line":58,"column":43},"end":{"line":71,"column":1}},"line":58}},"branchMap":{"0":{"loc":{"start":{"line":15,"column":8},"end":{"line":17,"column":9}},"type":"if","locations":[{"start":{"line":15,"column":8},"end":{"line":17,"column":9}},{"start":{},"end":{}}],"line":15},"1":{"loc":{"start":{"line":31,"column":8},"end":{"line":33,"column":9}},"type":"if","locations":[{"start":{"line":31,"column":8},"end":{"line":33,"column":9}},{"start":{},"end":{}}],"line":31},"2":{"loc":{"start":{"line":47,"column":8},"end":{"line":49,"column":9}},"type":"if","locations":[{"start":{"line":47,"column":8},"end":{"line":49,"column":9}},{"start":{},"end":{}}],"line":47},"3":{"loc":{"start":{"line":62,"column":8},"end":{"line":66,"column":9}},"type":"if","locations":[{"start":{"line":62,"column":8},"end":{"line":66,"column":9}},{"start":{"line":64,"column":15},"end":{"line":66,"column":9}}],"line":62}},"s":{"0":2,"1":2,"2":2,"3":2,"4":1,"5":1,"6":1,"7":2,"8":2,"9":2,"10":1,"11":1,"12":1,"13":0,"14":0,"15":2,"16":0,"17":0,"18":0,"19":0,"20":0,"21":0,"22":0,"23":0,"24":2,"25":0,"26":0,"27":0,"28":0,"29":0,"30":0,"31":0,"32":0,"33":0,"34":2,"35":0,"36":0,"37":0,"38":0,"39":0,"40":0,"41":0,"42":0},"f":{"0":2,"1":2,"2":0,"3":0,"4":0},"b":{"0":[1,1],"1":[0,0],"2":[0,0],"3":[0,0]},"_coverageSchema":"1a1c01bbd47fc00a2c39e90264f33305004495a9","hash":"ba2e05f678ff673317f1f5a8a4f61b7b0b1846a2"}
,"D:\\coolyeah\\Semester 6-Bismillah Magang\\BIGIO\\Inventoryy\\back-end\\controllers\\supplierController.js": {"path":"D:\\coolyeah\\Semester 6-Bismillah Magang\\BIGIO\\Inventoryy\\back-end\\controllers\\supplierController.js","statementMap":{"0":{"start":{"line":1,"column":21},"end":{"line":1,"column":41}},"1":{"start":{"line":3,"column":0},"end":{"line":11,"column":2}},"2":{"start":{"line":4,"column":4},"end":{"line":10,"column":5}},"3":{"start":{"line":5,"column":26},"end":{"line":5,"column":50}},"4":{"start":{"line":6,"column":8},"end":{"line":6,"column":28}},"5":{"start":{"line":8,"column":8},"end":{"line":8,"column":29}},"6":{"start":{"line":9,"column":8},"end":{"line":9,"column":55}},"7":{"start":{"line":13,"column":0},"end":{"line":24,"column":2}},"8":{"start":{"line":14,"column":4},"end":{"line":23,"column":5}},"9":{"start":{"line":15,"column":8},"end":{"line":17,"column":9}},"10":{"start":{"line":16,"column":12},"end":{"line":16,"column":90}},"11":{"start":{"line":18,"column":28},"end":{"line":18,"column":59}},"12":{"start":{"line":19,"column":8},"end":{"line":19,"column":42}},"13":{"start":{"line":21,"column":8},"end":{"line":21,"column":29}},"14":{"start":{"line":22,"column":8},"end":{"line":22,"column":55}},"15":{"start":{"line":26,"column":0},"end":{"line":39,"column":2}},"16":{"start":{"line":27,"column":4},"end":{"line":38,"column":5}},"17":{"start":{"line":28,"column":19},"end":{"line":28,"column":32}},"18":{"start":{"line":29,"column":25},"end":{"line":29,"column":52}},"19":{"start":{"line":30,"column":8},"end":{"line":34,"column":9}},"20":{"start":{"line":31,"column":12},"end":{"line":31,"column":31}},"21":{"start":{"line":33,"column":12},"end":{"line":33,"column":91}},"22":{"start":{"line":36,"column":8},"end":{"line":36,"column":29}},"23":{"start":{"line":37,"column":8},"end":{"line":37,"column":55}},"24":{"start":{"line":41,"column":0},"end":{"line":54,"column":2}},"25":{"start":{"line":42,"column":4},"end":{"line":53,"column":5}},"26":{"start":{"line":43,"column":19},"end":{"line":43,"column":32}},"27":{"start":{"line":44,"column":25},"end":{"line":44,"column":52}},"28":{"start":{"line":45,"column":8},"end":{"line":47,"column":9}},"29":{"start":{"line":46,"column":12},"end":{"line":46,"column":98}},"30":{"start":{"line":48,"column":32},"end":{"line":48,"column":63}},"31":{"start":{"line":49,"column":8},"end":{"line":49,"column":34}},"32":{"start":{"line":51,"column":8},"end":{"line":51,"column":29}},"33":{"start":{"line":52,"column":8},"end":{"line":52,"column":55}},"34":{"start":{"line":57,"column":0},"end":{"line":70,"column":2}},"35":{"start":{"line":58,"column":4},"end":{"line":69,"column":5}},"36":{"start":{"line":59,"column":19},"end":{"line":59,"column":32}},"37":{"start":{"line":60,"column":31},"end":{"line":60,"column":84}},"38":{"start":{"line":61,"column":8},"end":{"line":65,"column":9}},"39":{"start":{"line":62,"column":12},"end":{"line":62,"column":80}},"40":{"start":{"line":64,"column":12},"end":{"line":64,"column":91}},"41":{"start":{"line":67,"column":8},"end":{"line":67,"column":29}},"42":{"start":{"line":68,"column":8},"end":{"line":68,"column":55}}},"fnMap":{"0":{"name":"(anonymous_0)","decl":{"start":{"line":3,"column":26},"end":{"line":3,"column":27}},"loc":{"start":{"line":3,"column":46},"end":{"line":11,"column":1}},"line":3},"1":{"name":"(anonymous_1)","decl":{"start":{"line":13,"column":22},"end":{"line":13,"column":23}},"loc":{"start":{"line":13,"column":42},"end":{"line":24,"column":1}},"line":13},"2":{"name":"(anonymous_2)","decl":{"start":{"line":26,"column":26},"end":{"line":26,"column":27}},"loc":{"start":{"line":26,"column":46},"end":{"line":39,"column":1}},"line":26},"3":{"name":"(anonymous_3)","decl":{"start":{"line":41,"column":25},"end":{"line":41,"column":26}},"loc":{"start":{"line":41,"column":45},"end":{"line":54,"column":1}},"line":41},"4":{"name":"(anonymous_4)","decl":{"start":{"line":57,"column":25},"end":{"line":57,"column":26}},"loc":{"start":{"line":57,"column":45},"end":{"line":70,"column":1}},"line":57}},"branchMap":{"0":{"loc":{"start":{"line":15,"column":8},"end":{"line":17,"column":9}},"type":"if","locations":[{"start":{"line":15,"column":8},"end":{"line":17,"column":9}},{"start":{},"end":{}}],"line":15},"1":{"loc":{"start":{"line":30,"column":8},"end":{"line":34,"column":9}},"type":"if","locations":[{"start":{"line":30,"column":8},"end":{"line":34,"column":9}},{"start":{"line":32,"column":15},"end":{"line":34,"column":9}}],"line":30},"2":{"loc":{"start":{"line":45,"column":8},"end":{"line":47,"column":9}},"type":"if","locations":[{"start":{"line":45,"column":8},"end":{"line":47,"column":9}},{"start":{},"end":{}}],"line":45},"3":{"loc":{"start":{"line":61,"column":8},"end":{"line":65,"column":9}},"type":"if","locations":[{"start":{"line":61,"column":8},"end":{"line":65,"column":9}},{"start":{"line":63,"column":15},"end":{"line":65,"column":9}}],"line":61}},"s":{"0":2,"1":2,"2":0,"3":0,"4":0,"5":0,"6":0,"7":2,"8":0,"9":0,"10":0,"11":0,"12":0,"13":0,"14":0,"15":2,"16":0,"17":0,"18":0,"19":0,"20":0,"21":0,"22":0,"23":0,"24":2,"25":0,"26":0,"27":0,"28":0,"29":0,"30":0,"31":0,"32":0,"33":0,"34":2,"35":0,"36":0,"37":0,"38":0,"39":0,"40":0,"41":0,"42":0},"f":{"0":0,"1":0,"2":0,"3":0,"4":0},"b":{"0":[0,0],"1":[0,0],"2":[0,0],"3":[0,0]},"_coverageSchema":"1a1c01bbd47fc00a2c39e90264f33305004495a9","hash":"13d98bff5d7c47115931fcfdd40f6ca40d4f5883"}
,"D:\\coolyeah\\Semester 6-Bismillah Magang\\BIGIO\\Inventoryy\\back-end\\controllers\\transactionsController.js": {"path":"D:\\coolyeah\\Semester 6-Bismillah Magang\\BIGIO\\Inventoryy\\back-end\\controllers\\transactionsController.js","statementMap":{"0":{"start":{"line":1,"column":42},"end":{"line":1,"column":62}},"1":{"start":{"line":3,"column":0},"end":{"line":13,"column":2}},"2":{"start":{"line":4,"column":4},"end":{"line":12,"column":5}},"3":{"start":{"line":5,"column":29},"end":{"line":7,"column":10}},"4":{"start":{"line":8,"column":8},"end":{"line":8,"column":31}},"5":{"start":{"line":10,"column":8},"end":{"line":10,"column":29}},"6":{"start":{"line":11,"column":8},"end":{"line":11,"column":55}},"7":{"start":{"line":15,"column":0},"end":{"line":55,"column":2}},"8":{"start":{"line":16,"column":4},"end":{"line":54,"column":13}},"9":{"start":{"line":17,"column":8},"end":{"line":21,"column":13}},"10":{"start":{"line":18,"column":16},"end":{"line":20,"column":19}},"11":{"start":{"line":22,"column":35},"end":{"line":22,"column":75}},"12":{"start":{"line":23,"column":16},"end":{"line":25,"column":13}},"13":{"start":{"line":24,"column":16},"end":{"line":24,"column":84}},"14":{"start":{"line":28,"column":16},"end":{"line":37,"column":17}},"15":{"start":{"line":29,"column":20},"end":{"line":29,"column":79}},"16":{"start":{"line":30,"column":23},"end":{"line":37,"column":17}},"17":{"start":{"line":31,"column":20},"end":{"line":33,"column":21}},"18":{"start":{"line":32,"column":24},"end":{"line":32,"column":97}},"19":{"start":{"line":34,"column":20},"end":{"line":34,"column":79}},"20":{"start":{"line":36,"column":20},"end":{"line":36,"column":93}},"21":{"start":{"line":39,"column":12},"end":{"line":39,"column":96}},"22":{"start":{"line":41,"column":39},"end":{"line":48,"column":18}},"23":{"start":{"line":50,"column":16},"end":{"line":50,"column":53}},"24":{"start":{"line":52,"column":16},"end":{"line":52,"column":37}},"25":{"start":{"line":53,"column":16},"end":{"line":53,"column":63}},"26":{"start":{"line":57,"column":0},"end":{"line":72,"column":2}},"27":{"start":{"line":58,"column":4},"end":{"line":71,"column":5}},"28":{"start":{"line":59,"column":19},"end":{"line":59,"column":32}},"29":{"start":{"line":60,"column":28},"end":{"line":62,"column":10}},"30":{"start":{"line":63,"column":8},"end":{"line":67,"column":9}},"31":{"start":{"line":64,"column":12},"end":{"line":64,"column":34}},"32":{"start":{"line":66,"column":12},"end":{"line":66,"column":92}},"33":{"start":{"line":69,"column":8},"end":{"line":69,"column":29}},"34":{"start":{"line":70,"column":8},"end":{"line":70,"column":55}},"35":{"start":{"line":74,"column":0},"end":{"line":127,"column":2}},"36":{"start":{"line":75,"column":4},"end":{"line":126,"column":5}},"37":{"start":{"line":76,"column":23},"end":{"line":76,"column":33}},"38":{"start":{"line":77,"column":34},"end":{"line":77,"column":42}},"39":{"start":{"line":79,"column":8},"end":{"line":83,"column":9}},"40":{"start":{"line":80,"column":12},"end":{"line":82,"column":15}},"41":{"start":{"line":85,"column":28},"end":{"line":85,"column":58}},"42":{"start":{"line":86,"column":8},"end":{"line":88,"column":9}},"43":{"start":{"line":87,"column":12},"end":{"line":87,"column":99}},"44":{"start":{"line":90,"column":23},"end":{"line":90,"column":66}},"45":{"start":{"line":91,"column":8},"end":{"line":93,"column":9}},"46":{"start":{"line":92,"column":12},"end":{"line":92,"column":80}},"47":{"start":{"line":96,"column":37},"end":{"line":96,"column":48}},"48":{"start":{"line":99,"column":23},"end":{"line":99,"column":45}},"49":{"start":{"line":100,"column":8},"end":{"line":106,"column":9}},"50":{"start":{"line":102,"column":12},"end":{"line":102,"column":43}},"51":{"start":{"line":103,"column":15},"end":{"line":106,"column":9}},"52":{"start":{"line":105,"column":12},"end":{"line":105,"column":43}},"53":{"start":{"line":108,"column":8},"end":{"line":114,"column":9}},"54":{"start":{"line":110,"column":12},"end":{"line":110,"column":31}},"55":{"start":{"line":111,"column":15},"end":{"line":114,"column":9}},"56":{"start":{"line":113,"column":12},"end":{"line":113,"column":31}},"57":{"start":{"line":117,"column":8},"end":{"line":117,"column":95}},"58":{"start":{"line":120,"column":8},"end":{"line":120,"column":86}},"59":{"start":{"line":122,"column":8},"end":{"line":122,"column":76}},"60":{"start":{"line":124,"column":8},"end":{"line":124,"column":29}},"61":{"start":{"line":125,"column":8},"end":{"line":125,"column":55}},"62":{"start":{"line":132,"column":0},"end":{"line":145,"column":2}},"63":{"start":{"line":133,"column":4},"end":{"line":144,"column":5}},"64":{"start":{"line":134,"column":19},"end":{"line":134,"column":32}},"65":{"start":{"line":135,"column":31},"end":{"line":135,"column":90}},"66":{"start":{"line":136,"column":8},"end":{"line":140,"column":9}},"67":{"start":{"line":137,"column":12},"end":{"line":137,"column":81}},"68":{"start":{"line":139,"column":12},"end":{"line":139,"column":92}},"69":{"start":{"line":142,"column":8},"end":{"line":142,"column":29}},"70":{"start":{"line":143,"column":8},"end":{"line":143,"column":55}}},"fnMap":{"0":{"name":"(anonymous_0)","decl":{"start":{"line":3,"column":29},"end":{"line":3,"column":30}},"loc":{"start":{"line":3,"column":49},"end":{"line":13,"column":1}},"line":3},"1":{"name":"(anonymous_1)","decl":{"start":{"line":15,"column":25},"end":{"line":15,"column":26}},"loc":{"start":{"line":15,"column":45},"end":{"line":55,"column":1}},"line":15},"2":{"name":"(anonymous_2)","decl":{"start":{"line":57,"column":29},"end":{"line":57,"column":30}},"loc":{"start":{"line":57,"column":49},"end":{"line":72,"column":1}},"line":57},"3":{"name":"(anonymous_3)","decl":{"start":{"line":74,"column":26},"end":{"line":74,"column":27}},"loc":{"start":{"line":74,"column":46},"end":{"line":127,"column":1}},"line":74},"4":{"name":"(anonymous_4)","decl":{"start":{"line":132,"column":28},"end":{"line":132,"column":29}},"loc":{"start":{"line":132,"column":48},"end":{"line":145,"column":1}},"line":132}},"branchMap":{"0":{"loc":{"start":{"line":17,"column":8},"end":{"line":21,"column":13}},"type":"if","locations":[{"start":{"line":17,"column":8},"end":{"line":21,"column":13}},{"start":{},"end":{}}],"line":17},"1":{"loc":{"start":{"line":17,"column":12},"end":{"line":17,"column":143}},"type":"binary-expr","locations":[{"start":{"line":17,"column":12},"end":{"line":17,"column":30}},{"start":{"line":17,"column":34},"end":{"line":17,"column":54}},{"start":{"line":17,"column":58},"end":{"line":17,"column":78}},{"start":{"line":17,"column":82},"end":{"line":17,"column":104}},{"start":{"line":17,"column":108},"end":{"line":17,"column":124}},{"start":{"line":17,"column":128},"end":{"line":17,"column":143}}],"line":17},"2":{"loc":{"start":{"line":23,"column":16},"end":{"line":25,"column":13}},"type":"if","locations":[{"start":{"line":23,"column":16},"end":{"line":25,"column":13}},{"start":{},"end":{}}],"line":23},"3":{"loc":{"start":{"line":28,"column":16},"end":{"line":37,"column":17}},"type":"if","locations":[{"start":{"line":28,"column":16},"end":{"line":37,"column":17}},{"start":{"line":30,"column":23},"end":{"line":37,"column":17}}],"line":28},"4":{"loc":{"start":{"line":30,"column":23},"end":{"line":37,"column":17}},"type":"if","locations":[{"start":{"line":30,"column":23},"end":{"line":37,"column":17}},{"start":{"line":35,"column":23},"end":{"line":37,"column":17}}],"line":30},"5":{"loc":{"start":{"line":31,"column":20},"end":{"line":33,"column":21}},"type":"if","locations":[{"start":{"line":31,"column":20},"end":{"line":33,"column":21}},{"start":{},"end":{}}],"line":31},"6":{"loc":{"start":{"line":63,"column":8},"end":{"line":67,"column":9}},"type":"if","locations":[{"start":{"line":63,"column":8},"end":{"line":67,"column":9}},{"start":{"line":65,"column":15},"end":{"line":67,"column":9}}],"line":63},"7":{"loc":{"start":{"line":79,"column":8},"end":{"line":83,"column":9}},"type":"if","locations":[{"start":{"line":79,"column":8},"end":{"line":83,"column":9}},{"start":{},"end":{}}],"line":79},"8":{"loc":{"start":{"line":79,"column":12},"end":{"line":79,"column":29}},"type":"binary-expr","locations":[{"start":{"line":79,"column":12},"end":{"line":79,"column":19}},{"start":{"line":79,"column":23},"end":{"line":79,"column":29}}],"line":79},"9":{"loc":{"start":{"line":86,"column":8},"end":{"line":88,"column":9}},"type":"if","locations":[{"start":{"line":86,"column":8},"end":{"line":88,"column":9}},{"start":{},"end":{}}],"line":86},"10":{"loc":{"start":{"line":91,"column":8},"end":{"line":93,"column":9}},"type":"if","locations":[{"start":{"line":91,"column":8},"end":{"line":93,"column":9}},{"start":{},"end":{}}],"line":91},"11":{"loc":{"start":{"line":100,"column":8},"end":{"line":106,"column":9}},"type":"if","locations":[{"start":{"line":100,"column":8},"end":{"line":106,"column":9}},{"start":{"line":103,"column":15},"end":{"line":106,"column":9}}],"line":100},"12":{"loc":{"start":{"line":103,"column":15},"end":{"line":106,"column":9}},"type":"if","locations":[{"start":{"line":103,"column":15},"end":{"line":106,"column":9}},{"start":{},"end":{}}],"line":103},"13":{"loc":{"start":{"line":108,"column":8},"end":{"line":114,"column":9}},"type":"if","locations":[{"start":{"line":108,"column":8},"end":{"line":114,"column":9}},{"start":{"line":111,"column":15},"end":{"line":114,"column":9}}],"line":108},"14":{"loc":{"start":{"line":111,"column":15},"end":{"line":114,"column":9}},"type":"if","locations":[{"start":{"line":111,"column":15},"end":{"line":114,"column":9}},{"start":{},"end":{}}],"line":111},"15":{"loc":{"start":{"line":136,"column":8},"end":{"line":140,"column":9}},"type":"if","locations":[{"start":{"line":136,"column":8},"end":{"line":140,"column":9}},{"start":{"line":138,"column":15},"end":{"line":140,"column":9}}],"line":136}},"s":{"0":2,"1":2,"2":0,"3":0,"4":0,"5":0,"6":0,"7":2,"8":0,"9":0,"10":0,"11":0,"12":0,"13":0,"14":0,"15":0,"16":0,"17":0,"18":0,"19":0,"20":0,"21":0,"22":0,"23":0,"24":0,"25":0,"26":2,"27":0,"28":0,"29":0,"30":0,"31":0,"32":0,"33":0,"34":0,"35":2,"36":0,"37":0,"38":0,"39":0,"40":0,"41":0,"42":0,"43":0,"44":0,"45":0,"46":0,"47":0,"48":0,"49":0,"50":0,"51":0,"52":0,"53":0,"54":0,"55":0,"56":0,"57":0,"58":0,"59":0,"60":0,"61":0,"62":2,"63":0,"64":0,"65":0,"66":0,"67":0,"68":0,"69":0,"70":0},"f":{"0":0,"1":0,"2":0,"3":0,"4":0},"b":{"0":[0,0],"1":[0,0,0,0,0,0],"2":[0,0],"3":[0,0],"4":[0,0],"5":[0,0],"6":[0,0],"7":[0,0],"8":[0,0],"9":[0,0],"10":[0,0],"11":[0,0],"12":[0,0],"13":[0,0],"14":[0,0],"15":[0,0]},"_coverageSchema":"1a1c01bbd47fc00a2c39e90264f33305004495a9","hash":"ae683c31600b0454667012715a3d3ae4ca68a90d"}
,"D:\\coolyeah\\Semester 6-Bismillah Magang\\BIGIO\\Inventoryy\\back-end\\controllers\\userController.js": {"path":"D:\\coolyeah\\Semester 6-Bismillah Magang\\BIGIO\\Inventoryy\\back-end\\controllers\\userController.js","statementMap":{"0":{"start":{"line":1,"column":17},"end":{"line":1,"column":37}},"1":{"start":{"line":2,"column":15},"end":{"line":2,"column":34}},"2":{"start":{"line":4,"column":0},"end":{"line":12,"column":2}},"3":{"start":{"line":5,"column":4},"end":{"line":11,"column":5}},"4":{"start":{"line":6,"column":22},"end":{"line":6,"column":42}},"5":{"start":{"line":7,"column":8},"end":{"line":7,"column":24}},"6":{"start":{"line":9,"column":8},"end":{"line":9,"column":29}},"7":{"start":{"line":10,"column":8},"end":{"line":10,"column":55}},"8":{"start":{"line":14,"column":0},"end":{"line":31,"column":2}},"9":{"start":{"line":15,"column":4},"end":{"line":30,"column":5}},"10":{"start":{"line":16,"column":8},"end":{"line":18,"column":9}},"11":{"start":{"line":17,"column":12},"end":{"line":17,"column":98}},"12":{"start":{"line":20,"column":31},"end":{"line":20,"column":71}},"13":{"start":{"line":21,"column":24},"end":{"line":24,"column":10}},"14":{"start":{"line":26,"column":8},"end":{"line":26,"column":38}},"15":{"start":{"line":28,"column":8},"end":{"line":28,"column":29}},"16":{"start":{"line":29,"column":8},"end":{"line":29,"column":55}},"17":{"start":{"line":34,"column":0},"end":{"line":47,"column":2}},"18":{"start":{"line":35,"column":4},"end":{"line":46,"column":5}},"19":{"start":{"line":36,"column":19},"end":{"line":36,"column":32}},"20":{"start":{"line":37,"column":21},"end":{"line":37,"column":44}},"21":{"start":{"line":38,"column":8},"end":{"line":42,"column":9}},"22":{"start":{"line":39,"column":12},"end":{"line":39,"column":27}},"23":{"start":{"line":41,"column":12},"end":{"line":41,"column":87}},"24":{"start":{"line":44,"column":8},"end":{"line":44,"column":29}},"25":{"start":{"line":45,"column":8},"end":{"line":45,"column":55}},"26":{"start":{"line":49,"column":0},"end":{"line":67,"column":2}},"27":{"start":{"line":50,"column":4},"end":{"line":66,"column":5}},"28":{"start":{"line":51,"column":19},"end":{"line":51,"column":32}},"29":{"start":{"line":52,"column":21},"end":{"line":52,"column":44}},"30":{"start":{"line":53,"column":8},"end":{"line":55,"column":9}},"31":{"start":{"line":54,"column":12},"end":{"line":54,"column":94}},"32":{"start":{"line":57,"column":8},"end":{"line":60,"column":9}},"33":{"start":{"line":58,"column":35},"end":{"line":58,"column":75}},"34":{"start":{"line":59,"column":12},"end":{"line":59,"column":47}},"35":{"start":{"line":61,"column":28},"end":{"line":61,"column":55}},"36":{"start":{"line":62,"column":8},"end":{"line":62,"column":92}},"37":{"start":{"line":64,"column":8},"end":{"line":64,"column":29}},"38":{"start":{"line":65,"column":8},"end":{"line":65,"column":55}},"39":{"start":{"line":70,"column":0},"end":{"line":83,"column":2}},"40":{"start":{"line":71,"column":4},"end":{"line":82,"column":5}},"41":{"start":{"line":72,"column":19},"end":{"line":72,"column":32}},"42":{"start":{"line":73,"column":31},"end":{"line":73,"column":72}},"43":{"start":{"line":74,"column":8},"end":{"line":78,"column":9}},"44":{"start":{"line":75,"column":12},"end":{"line":75,"column":76}},"45":{"start":{"line":77,"column":12},"end":{"line":77,"column":87}},"46":{"start":{"line":80,"column":8},"end":{"line":80,"column":29}},"47":{"start":{"line":81,"column":8},"end":{"line":81,"column":55}}},"fnMap":{"0":{"name":"(anonymous_0)","decl":{"start":{"line":4,"column":20},"end":{"line":4,"column":21}},"loc":{"start":{"line":4,"column":40},"end":{"line":12,"column":1}},"line":4},"1":{"name":"(anonymous_1)","decl":{"start":{"line":14,"column":18},"end":{"line":14,"column":19}},"loc":{"start":{"line":14,"column":38},"end":{"line":31,"column":1}},"line":14},"2":{"name":"(anonymous_2)","decl":{"start":{"line":34,"column":22},"end":{"line":34,"column":23}},"loc":{"start":{"line":34,"column":42},"end":{"line":47,"column":1}},"line":34},"3":{"name":"(anonymous_3)","decl":{"start":{"line":49,"column":21},"end":{"line":49,"column":22}},"loc":{"start":{"line":49,"column":41},"end":{"line":67,"column":1}},"line":49},"4":{"name":"(anonymous_4)","decl":{"start":{"line":70,"column":21},"end":{"line":70,"column":22}},"loc":{"start":{"line":70,"column":41},"end":{"line":83,"column":1}},"line":70}},"branchMap":{"0":{"loc":{"start":{"line":16,"column":8},"end":{"line":18,"column":9}},"type":"if","locations":[{"start":{"line":16,"column":8},"end":{"line":18,"column":9}},{"start":{},"end":{}}],"line":16},"1":{"loc":{"start":{"line":16,"column":12},"end":{"line":16,"column":52}},"type":"binary-expr","locations":[{"start":{"line":16,"column":12},"end":{"line":16,"column":30}},{"start":{"line":16,"column":34},"end":{"line":16,"column":52}}],"line":16},"2":{"loc":{"start":{"line":38,"column":8},"end":{"line":42,"column":9}},"type":"if","locations":[{"start":{"line":38,"column":8},"end":{"line":42,"column":9}},{"start":{"line":40,"column":15},"end":{"line":42,"column":9}}],"line":38},"3":{"loc":{"start":{"line":53,"column":8},"end":{"line":55,"column":9}},"type":"if","locations":[{"start":{"line":53,"column":8},"end":{"line":55,"column":9}},{"start":{},"end":{}}],"line":53},"4":{"loc":{"start":{"line":57,"column":8},"end":{"line":60,"column":9}},"type":"if","locations":[{"start":{"line":57,"column":8},"end":{"line":60,"column":9}},{"start":{},"end":{}}],"line":57},"5":{"loc":{"start":{"line":74,"column":8},"end":{"line":78,"column":9}},"type":"if","locations":[{"start":{"line":74,"column":8},"end":{"line":78,"column":9}},{"start":{"line":76,"column":15},"end":{"line":78,"column":9}}],"line":74}},"s":{"0":2,"1":2,"2":2,"3":0,"4":0,"5":0,"6":0,"7":0,"8":2,"9":0,"10":0,"11":0,"12":0,"13":0,"14":0,"15":0,"16":0,"17":2,"18":0,"19":0,"20":0,"21":0,"22":0,"23":0,"24":0,"25":0,"26":2,"27":0,"28":0,"29":0,"30":0,"31":0,"32":0,"33":0,"34":0,"35":0,"36":0,"37":0,"38":0,"39":2,"40":0,"41":0,"42":0,"43":0,"44":0,"45":0,"46":0,"47":0},"f":{"0":0,"1":0,"2":0,"3":0,"4":0},"b":{"0":[0,0],"1":[0,0],"2":[0,0],"3":[0,0],"4":[0,0],"5":[0,0]},"_coverageSchema":"1a1c01bbd47fc00a2c39e90264f33305004495a9","hash":"86947a21b5487e181705accbef1f5bb8ce4f8947"}
,"D:\\coolyeah\\Semester 6-Bismillah Magang\\BIGIO\\Inventoryy\\back-end\\models\\barang.js": {"path":"D:\\coolyeah\\Semester 6-Bismillah Magang\\BIGIO\\Inventoryy\\back-end\\models\\barang.js","statementMap":{"0":{"start":{"line":4,"column":4},"end":{"line":4,"column":24}},"1":{"start":{"line":5,"column":0},"end":{"line":34,"column":2}},"2":{"start":{"line":16,"column":2},"end":{"line":32,"column":5}},"3":{"start":{"line":33,"column":2},"end":{"line":33,"column":16}}},"fnMap":{"0":{"name":"(anonymous_0)","decl":{"start":{"line":5,"column":17},"end":{"line":5,"column":18}},"loc":{"start":{"line":5,"column":43},"end":{"line":34,"column":1}},"line":5},"1":{"name":"(anonymous_1)","decl":{"start":{"line":12,"column":4},"end":{"line":12,"column":5}},"loc":{"start":{"line":12,"column":29},"end":{"line":14,"column":5}},"line":12}},"branchMap":{},"s":{"0":2,"1":2,"2":2,"3":2},"f":{"0":2,"1":2},"b":{},"_coverageSchema":"1a1c01bbd47fc00a2c39e90264f33305004495a9","hash":"e9816e481514527017b77223684fd9412aee6f32"}
,"D:\\coolyeah\\Semester 6-Bismillah Magang\\BIGIO\\Inventoryy\\back-end\\models\\index.js": {"path":"D:\\coolyeah\\Semester 6-Bismillah Magang\\BIGIO\\Inventoryy\\back-end\\models\\index.js","statementMap":{"0":{"start":{"line":3,"column":11},"end":{"line":3,"column":24}},"1":{"start":{"line":4,"column":13},"end":{"line":4,"column":28}},"2":{"start":{"line":5,"column":18},"end":{"line":5,"column":38}},"3":{"start":{"line":6,"column":16},"end":{"line":6,"column":34}},"4":{"start":{"line":7,"column":17},"end":{"line":7,"column":42}},"5":{"start":{"line":8,"column":12},"end":{"line":8,"column":49}},"6":{"start":{"line":9,"column":15},"end":{"line":9,"column":65}},"7":{"start":{"line":10,"column":11},"end":{"line":10,"column":13}},"8":{"start":{"line":13,"column":0},"end":{"line":17,"column":1}},"9":{"start":{"line":14,"column":2},"end":{"line":14,"column":74}},"10":{"start":{"line":16,"column":2},"end":{"line":16,"column":87}},"11":{"start":{"line":19,"column":0},"end":{"line":32,"column":5}},"12":{"start":{"line":22,"column":4},"end":{"line":27,"column":6}},"13":{"start":{"line":30,"column":18},"end":{"line":30,"column":85}},"14":{"start":{"line":31,"column":4},"end":{"line":31,"column":27}},"15":{"start":{"line":34,"column":0},"end":{"line":38,"column":3}},"16":{"start":{"line":35,"column":2},"end":{"line":37,"column":3}},"17":{"start":{"line":36,"column":4},"end":{"line":36,"column":32}},"18":{"start":{"line":40,"column":0},"end":{"line":40,"column":25}},"19":{"start":{"line":41,"column":0},"end":{"line":41,"column":25}},"20":{"start":{"line":43,"column":0},"end":{"line":43,"column":20}}},"fnMap":{"0":{"name":"(anonymous_0)","decl":{"start":{"line":21,"column":10},"end":{"line":21,"column":11}},"loc":{"start":{"line":21,"column":18},"end":{"line":28,"column":3}},"line":21},"1":{"name":"(anonymous_1)","decl":{"start":{"line":29,"column":11},"end":{"line":29,"column":12}},"loc":{"start":{"line":29,"column":19},"end":{"line":32,"column":3}},"line":29},"2":{"name":"(anonymous_2)","decl":{"start":{"line":34,"column":24},"end":{"line":34,"column":25}},"loc":{"start":{"line":34,"column":37},"end":{"line":38,"column":1}},"line":34}},"branchMap":{"0":{"loc":{"start":{"line":8,"column":12},"end":{"line":8,"column":49}},"type":"binary-expr","locations":[{"start":{"line":8,"column":12},"end":{"line":8,"column":32}},{"start":{"line":8,"column":36},"end":{"line":8,"column":49}}],"line":8},"1":{"loc":{"start":{"line":13,"column":0},"end":{"line":17,"column":1}},"type":"if","locations":[{"start":{"line":13,"column":0},"end":{"line":17,"column":1}},{"start":{"line":15,"column":7},"end":{"line":17,"column":1}}],"line":13},"2":{"loc":{"start":{"line":23,"column":6},"end":{"line":26,"column":37}},"type":"binary-expr","locations":[{"start":{"line":23,"column":6},"end":{"line":23,"column":29}},{"start":{"line":24,"column":6},"end":{"line":24,"column":23}},{"start":{"line":25,"column":6},"end":{"line":25,"column":30}},{"start":{"line":26,"column":6},"end":{"line":26,"column":37}}],"line":23},"3":{"loc":{"start":{"line":35,"column":2},"end":{"line":37,"column":3}},"type":"if","locations":[{"start":{"line":35,"column":2},"end":{"line":37,"column":3}},{"start":{},"end":{}}],"line":35}},"s":{"0":2,"1":2,"2":2,"3":2,"4":2,"5":2,"6":2,"7":2,"8":2,"9":0,"10":2,"11":2,"12":10,"13":8,"14":8,"15":2,"16":8,"17":8,"18":2,"19":2,"20":2},"f":{"0":10,"1":8,"2":8},"b":{"0":[2,0],"1":[0,2],"2":[10,10,8,8],"3":[8,0]},"_coverageSchema":"1a1c01bbd47fc00a2c39e90264f33305004495a9","hash":"cea9e0d12c047565bb39aa19257f1360f13091de"}
,"D:\\coolyeah\\Semester 6-Bismillah Magang\\BIGIO\\Inventoryy\\back-end\\models\\supplier.js": {"path":"D:\\coolyeah\\Semester 6-Bismillah Magang\\BIGIO\\Inventoryy\\back-end\\models\\supplier.js","statementMap":{"0":{"start":{"line":4,"column":4},"end":{"line":4,"column":24}},"1":{"start":{"line":5,"column":0},"end":{"line":31,"column":2}},"2":{"start":{"line":16,"column":2},"end":{"line":29,"column":5}},"3":{"start":{"line":30,"column":2},"end":{"line":30,"column":18}}},"fnMap":{"0":{"name":"(anonymous_0)","decl":{"start":{"line":5,"column":17},"end":{"line":5,"column":18}},"loc":{"start":{"line":5,"column":43},"end":{"line":31,"column":1}},"line":5},"1":{"name":"(anonymous_1)","decl":{"start":{"line":12,"column":4},"end":{"line":12,"column":5}},"loc":{"start":{"line":12,"column":29},"end":{"line":14,"column":5}},"line":12}},"branchMap":{},"s":{"0":2,"1":2,"2":2,"3":2},"f":{"0":2,"1":2},"b":{},"_coverageSchema":"1a1c01bbd47fc00a2c39e90264f33305004495a9","hash":"b24269da16e18f686c214119ad282b2e930eae9f"}
,"D:\\coolyeah\\Semester 6-Bismillah Magang\\BIGIO\\Inventoryy\\back-end\\models\\transaction.js": {"path":"D:\\coolyeah\\Semester 6-Bismillah Magang\\BIGIO\\Inventoryy\\back-end\\models\\transaction.js","statementMap":{"0":{"start":{"line":4,"column":4},"end":{"line":4,"column":24}},"1":{"start":{"line":5,"column":0},"end":{"line":53,"column":2}},"2":{"start":{"line":13,"column":6},"end":{"line":15,"column":8}},"3":{"start":{"line":16,"column":6},"end":{"line":18,"column":8}},"4":{"start":{"line":21,"column":2},"end":{"line":51,"column":5}},"5":{"start":{"line":52,"column":2},"end":{"line":52,"column":21}}},"fnMap":{"0":{"name":"(anonymous_0)","decl":{"start":{"line":5,"column":17},"end":{"line":5,"column":18}},"loc":{"start":{"line":5,"column":43},"end":{"line":53,"column":1}},"line":5},"1":{"name":"(anonymous_1)","decl":{"start":{"line":12,"column":4},"end":{"line":12,"column":5}},"loc":{"start":{"line":12,"column":29},"end":{"line":19,"column":5}},"line":12}},"branchMap":{},"s":{"0":2,"1":2,"2":2,"3":2,"4":2,"5":2},"f":{"0":2,"1":2},"b":{},"_coverageSchema":"1a1c01bbd47fc00a2c39e90264f33305004495a9","hash":"c0a0a89f9222227961691b1f5fcd222bcd6db3fb"}
,"D:\\coolyeah\\Semester 6-Bismillah Magang\\BIGIO\\Inventoryy\\back-end\\models\\user.js": {"path":"D:\\coolyeah\\Semester 6-Bismillah Magang\\BIGIO\\Inventoryy\\back-end\\models\\user.js","statementMap":{"0":{"start":{"line":4,"column":4},"end":{"line":4,"column":24}},"1":{"start":{"line":5,"column":0},"end":{"line":24,"column":2}},"2":{"start":{"line":16,"column":2},"end":{"line":22,"column":5}},"3":{"start":{"line":23,"column":2},"end":{"line":23,"column":14}}},"fnMap":{"0":{"name":"(anonymous_0)","decl":{"start":{"line":5,"column":17},"end":{"line":5,"column":18}},"loc":{"start":{"line":5,"column":43},"end":{"line":24,"column":1}},"line":5},"1":{"name":"(anonymous_1)","decl":{"start":{"line":12,"column":4},"end":{"line":12,"column":5}},"loc":{"start":{"line":12,"column":29},"end":{"line":14,"column":5}},"line":12}},"branchMap":{},"s":{"0":2,"1":2,"2":2,"3":2},"f":{"0":2,"1":2},"b":{},"_coverageSchema":"1a1c01bbd47fc00a2c39e90264f33305004495a9","hash":"75d2cab9a1666fd35d9d65984cd982bef2b552ca"}
,"D:\\coolyeah\\Semester 6-Bismillah Magang\\BIGIO\\Inventoryy\\back-end\\routes\\authRoutes.js": {"path":"D:\\coolyeah\\Semester 6-Bismillah Magang\\BIGIO\\Inventoryy\\back-end\\routes\\authRoutes.js","statementMap":{"0":{"start":{"line":1,"column":16},"end":{"line":1,"column":34}},"1":{"start":{"line":2,"column":15},"end":{"line":2,"column":31}},"2":{"start":{"line":3,"column":23},"end":{"line":3,"column":63}},"3":{"start":{"line":5,"column":0},"end":{"line":5,"column":44}},"4":{"start":{"line":6,"column":0},"end":{"line":6,"column":45}},"5":{"start":{"line":8,"column":0},"end":{"line":8,"column":24}}},"fnMap":{},"branchMap":{},"s":{"0":2,"1":2,"2":2,"3":2,"4":2,"5":2},"f":{},"b":{},"_coverageSchema":"1a1c01bbd47fc00a2c39e90264f33305004495a9","hash":"db82504ab03dd88bc34379d885f3618e41ebd86a"}
,"D:\\coolyeah\\Semester 6-Bismillah Magang\\BIGIO\\Inventoryy\\back-end\\routes\\barangRoutes.js": {"path":"D:\\coolyeah\\Semester 6-Bismillah Magang\\BIGIO\\Inventoryy\\back-end\\routes\\barangRoutes.js","statementMap":{"0":{"start":{"line":1,"column":16},"end":{"line":1,"column":34}},"1":{"start":{"line":2,"column":15},"end":{"line":2,"column":31}},"2":{"start":{"line":3,"column":26},"end":{"line":3,"column":68}},"3":{"start":{"line":5,"column":0},"end":{"line":5,"column":49}},"4":{"start":{"line":6,"column":0},"end":{"line":6,"column":46}},"5":{"start":{"line":7,"column":0},"end":{"line":7,"column":52}},"6":{"start":{"line":8,"column":0},"end":{"line":8,"column":51}},"7":{"start":{"line":9,"column":0},"end":{"line":9,"column":54}},"8":{"start":{"line":11,"column":0},"end":{"line":11,"column":24}}},"fnMap":{},"branchMap":{},"s":{"0":2,"1":2,"2":2,"3":2,"4":2,"5":2,"6":2,"7":2,"8":2},"f":{},"b":{},"_coverageSchema":"1a1c01bbd47fc00a2c39e90264f33305004495a9","hash":"9e597975f468f2fb74f825cc2da8f9e22bbe0e58"}
,"D:\\coolyeah\\Semester 6-Bismillah Magang\\BIGIO\\Inventoryy\\back-end\\routes\\supplierRoutes.js": {"path":"D:\\coolyeah\\Semester 6-Bismillah Magang\\BIGIO\\Inventoryy\\back-end\\routes\\supplierRoutes.js","statementMap":{"0":{"start":{"line":1,"column":16},"end":{"line":1,"column":34}},"1":{"start":{"line":2,"column":15},"end":{"line":2,"column":31}},"2":{"start":{"line":3,"column":28},"end":{"line":3,"column":72}},"3":{"start":{"line":5,"column":0},"end":{"line":5,"column":53}},"4":{"start":{"line":6,"column":0},"end":{"line":6,"column":50}},"5":{"start":{"line":7,"column":0},"end":{"line":7,"column":56}},"6":{"start":{"line":8,"column":0},"end":{"line":8,"column":55}},"7":{"start":{"line":9,"column":0},"end":{"line":9,"column":58}},"8":{"start":{"line":11,"column":0},"end":{"line":11,"column":24}}},"fnMap":{},"branchMap":{},"s":{"0":2,"1":2,"2":2,"3":2,"4":2,"5":2,"6":2,"7":2,"8":2},"f":{},"b":{},"_coverageSchema":"1a1c01bbd47fc00a2c39e90264f33305004495a9","hash":"072570e53ec26808c363b27a6fda77094666e39d"}
,"D:\\coolyeah\\Semester 6-Bismillah Magang\\BIGIO\\Inventoryy\\back-end\\routes\\transactionRoutes.js": {"path":"D:\\coolyeah\\Semester 6-Bismillah Magang\\BIGIO\\Inventoryy\\back-end\\routes\\transactionRoutes.js","statementMap":{"0":{"start":{"line":1,"column":16},"end":{"line":1,"column":34}},"1":{"start":{"line":2,"column":15},"end":{"line":2,"column":31}},"2":{"start":{"line":3,"column":31},"end":{"line":3,"column":79}},"3":{"start":{"line":5,"column":0},"end":{"line":5,"column":59}},"4":{"start":{"line":6,"column":0},"end":{"line":6,"column":56}},"5":{"start":{"line":7,"column":0},"end":{"line":7,"column":62}},"6":{"start":{"line":8,"column":0},"end":{"line":8,"column":59}},"7":{"start":{"line":9,"column":0},"end":{"line":9,"column":64}},"8":{"start":{"line":11,"column":0},"end":{"line":11,"column":24}}},"fnMap":{},"branchMap":{},"s":{"0":2,"1":2,"2":2,"3":2,"4":2,"5":2,"6":2,"7":2,"8":2},"f":{},"b":{},"_coverageSchema":"1a1c01bbd47fc00a2c39e90264f33305004495a9","hash":"0355efa1f7e1ac610de1cbf28dc888b81fa6ae4d"}
,"D:\\coolyeah\\Semester 6-Bismillah Magang\\BIGIO\\Inventoryy\\back-end\\routes\\userRoutes.js": {"path":"D:\\coolyeah\\Semester 6-Bismillah Magang\\BIGIO\\Inventoryy\\back-end\\routes\\userRoutes.js","statementMap":{"0":{"start":{"line":1,"column":16},"end":{"line":1,"column":34}},"1":{"start":{"line":2,"column":15},"end":{"line":2,"column":31}},"2":{"start":{"line":3,"column":23},"end":{"line":3,"column":63}},"3":{"start":{"line":5,"column":0},"end":{"line":5,"column":43}},"4":{"start":{"line":6,"column":0},"end":{"line":6,"column":41}},"5":{"start":{"line":7,"column":0},"end":{"line":7,"column":47}},"6":{"start":{"line":8,"column":0},"end":{"line":8,"column":46}},"7":{"start":{"line":9,"column":0},"end":{"line":9,"column":49}},"8":{"start":{"line":11,"column":0},"end":{"line":11,"column":24}}},"fnMap":{},"branchMap":{},"s":{"0":2,"1":2,"2":2,"3":2,"4":2,"5":2,"6":2,"7":2,"8":2},"f":{},"b":{},"_coverageSchema":"1a1c01bbd47fc00a2c39e90264f33305004495a9","hash":"d4af8ab81b5cd623ee25ee461fce5cc66dc7165f"}
}
