TN:
SF:app.js
FN:26,(anonymous_0)
FNF:1
FNH:0
FNDA:0,(anonymous_0)
DA:1,4
DA:2,4
DA:3,4
DA:4,4
DA:5,4
DA:7,4
DA:8,4
DA:10,4
DA:11,4
DA:12,4
DA:13,4
DA:14,4
DA:16,4
DA:17,4
DA:19,4
DA:20,4
DA:21,4
DA:22,4
DA:23,4
DA:25,4
DA:26,0
DA:27,0
DA:30,0
DA:32,4
LF:24
LH:21
BRDA:25,0,0,0
BRDA:25,0,1,4
BRF:2
BRH:1
end_of_record
TN:
SF:controllers\authController.js
FN:5,login
FN:21,logout
FNF:2
FNH:2
FNDA:4,login
FNDA:1,logout
DA:1,4
DA:2,4
DA:3,4
DA:6,4
DA:7,4
DA:8,4
DA:9,3
DA:11,2
DA:12,2
DA:14,1
DA:15,1
DA:17,1
DA:18,1
DA:22,1
DA:25,4
LF:15
LH:15
BRDA:9,0,0,1
BRDA:9,0,1,2
BRDA:12,1,0,1
BRDA:12,1,1,1
BRF:4
BRH:4
end_of_record
TN:
SF:controllers\barangController.js
FN:3,(anonymous_0)
FN:13,(anonymous_1)
FN:26,(anonymous_2)
FN:41,(anonymous_3)
FN:56,(anonymous_4)
FNF:5
FNH:5
FNDA:2,(anonymous_0)
FNDA:3,(anonymous_1)
FNDA:3,(anonymous_2)
FNDA:3,(anonymous_3)
FNDA:3,(anonymous_4)
DA:1,4
DA:3,4
DA:4,2
DA:5,2
DA:6,1
DA:8,1
DA:9,1
DA:13,4
DA:14,3
DA:15,3
DA:16,1
DA:18,2
DA:19,1
DA:21,1
DA:22,1
DA:26,4
DA:27,3
DA:28,3
DA:29,3
DA:30,2
DA:31,1
DA:33,1
DA:35,1
DA:36,1
DA:41,4
DA:42,3
DA:43,3
DA:44,3
DA:45,2
DA:46,1
DA:48,1
DA:49,1
DA:51,1
DA:52,1
DA:56,4
DA:57,3
DA:58,3
DA:59,3
DA:60,2
DA:61,1
DA:63,1
DA:66,1
DA:67,1
LF:43
LH:43
BRDA:15,0,0,1
BRDA:15,0,1,2
BRDA:30,1,0,1
BRDA:30,1,1,1
BRDA:45,2,0,1
BRDA:45,2,1,1
BRDA:60,3,0,1
BRDA:60,3,1,1
BRF:8
BRH:8
end_of_record
TN:
SF:controllers\supplierController.js
FN:3,(anonymous_0)
FN:13,(anonymous_1)
FN:26,(anonymous_2)
FN:41,(anonymous_3)
FN:57,(anonymous_4)
FNF:5
FNH:5
FNDA:2,(anonymous_0)
FNDA:3,(anonymous_1)
FNDA:3,(anonymous_2)
FNDA:3,(anonymous_3)
FNDA:3,(anonymous_4)
DA:1,4
DA:3,4
DA:4,2
DA:5,2
DA:6,1
DA:8,1
DA:9,1
DA:13,4
DA:14,3
DA:15,3
DA:16,1
DA:18,2
DA:19,1
DA:21,1
DA:22,1
DA:26,4
DA:27,3
DA:28,3
DA:29,3
DA:30,2
DA:31,1
DA:33,1
DA:36,1
DA:37,1
DA:41,4
DA:42,3
DA:43,3
DA:44,3
DA:45,2
DA:46,1
DA:48,1
DA:49,1
DA:51,1
DA:52,1
DA:57,4
DA:58,3
DA:59,3
DA:60,3
DA:61,2
DA:62,1
DA:64,1
DA:67,1
DA:68,1
LF:43
LH:43
BRDA:15,0,0,1
BRDA:15,0,1,2
BRDA:30,1,0,1
BRDA:30,1,1,1
BRDA:45,2,0,1
BRDA:45,2,1,1
BRDA:61,3,0,1
BRDA:61,3,1,1
BRF:8
BRH:8
end_of_record
TN:
SF:controllers\transactionsController.js
FN:3,(anonymous_0)
FN:15,(anonymous_1)
FN:57,(anonymous_2)
FN:74,(anonymous_3)
FN:132,(anonymous_4)
FNF:5
FNH:0
FNDA:0,(anonymous_0)
FNDA:0,(anonymous_1)
FNDA:0,(anonymous_2)
FNDA:0,(anonymous_3)
FNDA:0,(anonymous_4)
DA:1,4
DA:3,4
DA:4,0
DA:5,0
DA:8,0
DA:10,0
DA:11,0
DA:15,4
DA:16,0
DA:17,0
DA:18,0
DA:22,0
DA:23,0
DA:24,0
DA:28,0
DA:29,0
DA:30,0
DA:31,0
DA:32,0
DA:34,0
DA:36,0
DA:39,0
DA:41,0
DA:50,0
DA:52,0
DA:53,0
DA:57,4
DA:58,0
DA:59,0
DA:60,0
DA:63,0
DA:64,0
DA:66,0
DA:69,0
DA:70,0
DA:74,4
DA:75,0
DA:76,0
DA:77,0
DA:79,0
DA:80,0
DA:85,0
DA:86,0
DA:87,0
DA:90,0
DA:91,0
DA:92,0
DA:96,0
DA:99,0
DA:100,0
DA:102,0
DA:103,0
DA:105,0
DA:108,0
DA:110,0
DA:111,0
DA:113,0
DA:117,0
DA:120,0
DA:122,0
DA:124,0
DA:125,0
DA:132,4
DA:133,0
DA:134,0
DA:135,0
DA:136,0
DA:137,0
DA:139,0
DA:142,0
DA:143,0
LF:71
LH:6
BRDA:17,0,0,0
BRDA:17,0,1,0
BRDA:17,1,0,0
BRDA:17,1,1,0
BRDA:17,1,2,0
BRDA:17,1,3,0
BRDA:17,1,4,0
BRDA:17,1,5,0
BRDA:23,2,0,0
BRDA:23,2,1,0
BRDA:28,3,0,0
BRDA:28,3,1,0
BRDA:30,4,0,0
BRDA:30,4,1,0
BRDA:31,5,0,0
BRDA:31,5,1,0
BRDA:63,6,0,0
BRDA:63,6,1,0
BRDA:79,7,0,0
BRDA:79,7,1,0
BRDA:79,8,0,0
BRDA:79,8,1,0
BRDA:86,9,0,0
BRDA:86,9,1,0
BRDA:91,10,0,0
BRDA:91,10,1,0
BRDA:100,11,0,0
BRDA:100,11,1,0
BRDA:103,12,0,0
BRDA:103,12,1,0
BRDA:108,13,0,0
BRDA:108,13,1,0
BRDA:111,14,0,0
BRDA:111,14,1,0
BRDA:136,15,0,0
BRDA:136,15,1,0
BRF:36
BRH:0
end_of_record
TN:
SF:controllers\userController.js
FN:4,(anonymous_0)
FN:14,(anonymous_1)
FN:34,(anonymous_2)
FN:49,(anonymous_3)
FN:70,(anonymous_4)
FNF:5
FNH:5
FNDA:2,(anonymous_0)
FNDA:3,(anonymous_1)
FNDA:3,(anonymous_2)
FNDA:4,(anonymous_3)
FNDA:3,(anonymous_4)
DA:1,4
DA:2,4
DA:4,4
DA:5,2
DA:6,2
DA:7,1
DA:9,1
DA:10,1
DA:14,4
DA:15,3
DA:16,3
DA:17,1
DA:20,2
DA:21,2
DA:26,1
DA:28,1
DA:29,1
DA:34,4
DA:35,3
DA:36,3
DA:37,3
DA:38,2
DA:39,1
DA:41,1
DA:44,1
DA:45,1
DA:49,4
DA:50,4
DA:51,4
DA:52,4
DA:53,3
DA:54,1
DA:57,2
DA:58,1
DA:59,1
DA:61,2
DA:62,2
DA:64,1
DA:65,1
DA:70,4
DA:71,3
DA:72,3
DA:73,3
DA:74,2
DA:75,1
DA:77,1
DA:80,1
DA:81,1
LF:48
LH:48
BRDA:16,0,0,1
BRDA:16,0,1,2
BRDA:16,1,0,3
BRDA:16,1,1,2
BRDA:38,2,0,1
BRDA:38,2,1,1
BRDA:53,3,0,1
BRDA:53,3,1,2
BRDA:57,4,0,1
BRDA:57,4,1,1
BRDA:74,5,0,1
BRDA:74,5,1,1
BRF:12
BRH:12
end_of_record
TN:
SF:models\barang.js
FN:5,(anonymous_0)
FN:12,(anonymous_1)
FNF:2
FNH:2
FNDA:4,(anonymous_0)
FNDA:4,(anonymous_1)
DA:4,4
DA:5,4
DA:16,4
DA:33,4
LF:4
LH:4
BRF:0
BRH:0
end_of_record
TN:
SF:models\index.js
FN:21,(anonymous_0)
FN:29,(anonymous_1)
FN:34,(anonymous_2)
FNF:3
FNH:3
FNDA:20,(anonymous_0)
FNDA:16,(anonymous_1)
FNDA:16,(anonymous_2)
DA:3,4
DA:4,4
DA:5,4
DA:6,4
DA:7,4
DA:8,4
DA:9,4
DA:10,4
DA:13,4
DA:14,0
DA:16,4
DA:19,4
DA:22,20
DA:30,16
DA:31,16
DA:34,4
DA:35,16
DA:36,16
DA:40,4
DA:41,4
DA:43,4
LF:21
LH:20
BRDA:8,0,0,4
BRDA:8,0,1,0
BRDA:13,1,0,0
BRDA:13,1,1,4
BRDA:23,2,0,20
BRDA:23,2,1,20
BRDA:23,2,2,16
BRDA:23,2,3,16
BRDA:35,3,0,16
BRDA:35,3,1,0
BRF:10
BRH:7
end_of_record
TN:
SF:models\supplier.js
FN:5,(anonymous_0)
FN:12,(anonymous_1)
FNF:2
FNH:2
FNDA:4,(anonymous_0)
FNDA:4,(anonymous_1)
DA:4,4
DA:5,4
DA:16,4
DA:30,4
LF:4
LH:4
BRF:0
BRH:0
end_of_record
TN:
SF:models\transaction.js
FN:5,(anonymous_0)
FN:12,(anonymous_1)
FNF:2
FNH:2
FNDA:4,(anonymous_0)
FNDA:4,(anonymous_1)
DA:4,4
DA:5,4
DA:13,4
DA:16,4
DA:21,4
DA:52,4
LF:6
LH:6
BRF:0
BRH:0
end_of_record
TN:
SF:models\user.js
FN:5,(anonymous_0)
FN:12,(anonymous_1)
FNF:2
FNH:2
FNDA:4,(anonymous_0)
FNDA:4,(anonymous_1)
DA:4,4
DA:5,4
DA:16,4
DA:23,4
LF:4
LH:4
BRF:0
BRH:0
end_of_record
TN:
SF:routes\authRoutes.js
FNF:0
FNH:0
DA:1,4
DA:2,4
DA:3,4
DA:5,4
DA:6,4
DA:8,4
LF:6
LH:6
BRF:0
BRH:0
end_of_record
TN:
SF:routes\barangRoutes.js
FNF:0
FNH:0
DA:1,4
DA:2,4
DA:3,4
DA:5,4
DA:6,4
DA:7,4
DA:8,4
DA:9,4
DA:11,4
LF:9
LH:9
BRF:0
BRH:0
end_of_record
TN:
SF:routes\supplierRoutes.js
FNF:0
FNH:0
DA:1,4
DA:2,4
DA:3,4
DA:5,4
DA:6,4
DA:7,4
DA:8,4
DA:9,4
DA:11,4
LF:9
LH:9
BRF:0
BRH:0
end_of_record
TN:
SF:routes\transactionRoutes.js
FNF:0
FNH:0
DA:1,4
DA:2,4
DA:3,4
DA:5,4
DA:6,4
DA:7,4
DA:8,4
DA:9,4
DA:11,4
LF:9
LH:9
BRF:0
BRH:0
end_of_record
TN:
SF:routes\userRoutes.js
FNF:0
FNH:0
DA:1,4
DA:2,4
DA:3,4
DA:5,4
DA:6,4
DA:7,4
DA:8,4
DA:9,4
DA:11,4
LF:9
LH:9
BRF:0
BRH:0
end_of_record
